Log file open, 02/07/19 17:45:59
LogWindows: Failed to load 'aqProf.dll' (GetLastError=126)
LogWindows: File 'aqProf.dll' does not exist
LogWindows: Failed to load 'VtuneApi.dll' (GetLastError=126)
LogWindows: File 'VtuneApi.dll' does not exist
LogWindows: Failed to load 'VtuneApi32e.dll' (GetLastError=126)
LogWindows: File 'VtuneApi32e.dll' does not exist
LogConsoleResponse: Display: Failed to find resolution value strings in scalability ini. Falling back to default.
LogInit: Display: Running engine for game: PodRacers
LogPakFile: Registered encryption key '00000000000000000000000000000000': 0 pak files mounted, 0 remain pending
LogPlatformFile: Not using cached read wrapper
LogTaskGraph: Started task graph with 5 named threads and 23 total threads with 3 sets of task threads.
LogStats: Stats thread started at 0.304969
LogD3D11RHI: Loaded GFSDK_Aftermath_Lib.x64.dll
LogICUInternationalization: ICU TimeZone Detection - Raw Offset: +1:00, Platform Override: ''
LogPluginManager: Mounting plugin Paper2D
LogPluginManager: Mounting plugin AISupport
LogPluginManager: Mounting plugin LightPropagationVolume
LogPluginManager: Mounting plugin ActorLayerUtilities
LogPluginManager: Mounting plugin CLionSourceCodeAccess
LogPluginManager: Mounting plugin CodeLiteSourceCodeAccess
LogPluginManager: Mounting plugin GitSourceControl
LogPluginManager: Mounting plugin KDevelopSourceCodeAccess
LogPluginManager: Mounting plugin NullSourceCodeAccess
LogPluginManager: Mounting plugin PerforceSourceControl
LogPluginManager: Mounting plugin SubversionSourceControl
LogPluginManager: Mounting plugin UObjectPlugin
LogPluginManager: Mounting plugin VisualStudioCodeSourceCodeAccess
LogPluginManager: Mounting plugin VisualStudioSourceCodeAccess
LogPluginManager: Mounting plugin XCodeSourceCodeAccess
LogPluginManager: Mounting plugin AssetManagerEditor
LogPluginManager: Mounting plugin CryptoKeys
LogPluginManager: Mounting plugin DataValidation
LogPluginManager: Mounting plugin FacialAnimation
LogPluginManager: Mounting plugin GameplayTagsEditor
LogPluginManager: Mounting plugin MacGraphicsSwitching
LogPluginManager: Mounting plugin MeshEditor
LogPluginManager: Mounting plugin MobileLauncherProfileWizard
LogPluginManager: Mounting plugin PluginBrowser
LogPluginManager: Mounting plugin SpeedTreeImporter
LogPluginManager: Mounting plugin DatasmithContent
LogPluginManager: Mounting plugin VariantManagerContent
LogPluginManager: Mounting plugin AlembicImporter
LogPluginManager: Mounting plugin AppleImageUtils
LogPluginManager: Mounting plugin AppleVision
LogPluginManager: Mounting plugin BackChannel
LogPluginManager: Mounting plugin CharacterAI
LogPluginManager: Mounting plugin GeometryCache
LogPluginManager: Mounting plugin HTML5Networking
LogPluginManager: Mounting plugin ProxyLODPlugin
LogPluginManager: Mounting plugin MagicLeap
LogPluginManager: Mounting plugin MagicLeapMedia
LogPluginManager: Mounting plugin AndroidMedia
LogPluginManager: Mounting plugin AvfMedia
LogPluginManager: Mounting plugin ImgMedia
LogPluginManager: Mounting plugin LinearTimecode
LogPluginManager: Mounting plugin MediaCompositing
LogPluginManager: Mounting plugin MediaPlayerEditor
LogPluginManager: Mounting plugin WebMMedia
LogPluginManager: Mounting plugin WmfMedia
LogPluginManager: Mounting plugin TcpMessaging
LogPluginManager: Mounting plugin UdpMessaging
LogPluginManager: Mounting plugin ActorSequence
LogPluginManager: Mounting plugin LevelSequenceEditor
LogPluginManager: Mounting plugin MatineeToLevelSequence
LogPluginManager: Mounting plugin NetcodeUnitTest
LogPluginManager: Mounting plugin NUTUnrealEngine4
LogPluginManager: Mounting plugin OnlineSubsystemGooglePlay
LogPluginManager: Mounting plugin OnlineSubsystemIOS
LogPluginManager: Mounting plugin OnlineSubsystem
LogPluginManager: Mounting plugin OnlineSubsystemNull
LogPluginManager: Mounting plugin OnlineSubsystemUtils
LogPluginManager: Mounting plugin LauncherChunkInstaller
LogPluginManager: Mounting plugin AndroidDeviceProfileSelector
LogPluginManager: Mounting plugin AndroidMoviePlayer
LogPluginManager: Mounting plugin AndroidPermission
LogPluginManager: Mounting plugin AppleMoviePlayer
LogPluginManager: Mounting plugin ArchVisCharacter
LogPluginManager: Mounting plugin AudioCapture
LogPluginManager: Mounting plugin CableComponent
LogPluginManager: Mounting plugin CustomMeshComponent
LogPluginManager: Mounting plugin EditableMesh
LogPluginManager: Mounting plugin ExampleDeviceProfileSelector
LogPluginManager: Mounting plugin Firebase
LogPluginManager: Mounting plugin GoogleCloudMessaging
LogPluginManager: Mounting plugin IOSDeviceProfileSelector
LogPluginManager: Mounting plugin LinuxDeviceProfileSelector
LogPluginManager: Mounting plugin LocationServicesBPLibrary
LogPluginManager: Mounting plugin MobilePatchingUtils
LogPluginManager: Mounting plugin OculusVR
LogPluginManager: Mounting plugin PhysXVehicles
LogPluginManager: Mounting plugin ProceduralMeshComponent
LogPluginManager: Mounting plugin RuntimePhysXCooking
LogPluginManager: Mounting plugin SteamVR
LogPluginManager: Mounting plugin WebMMoviePlayer
LogPluginManager: Mounting plugin WindowsMoviePlayer
LogStreaming: Display: Took  0.149s to configure plugins.
LogInit: Using libcurl 7.55.1-DEV
LogInit:  - built for x86_64-pc-win32
LogInit:  - supports SSL with OpenSSL/1.0.2h
LogInit:  - supports HTTP deflate (compression) using libz 1.2.8
LogInit:  - other features:
LogInit:      CURL_VERSION_SSL
LogInit:      CURL_VERSION_LIBZ
LogInit:      CURL_VERSION_IPV6
LogInit:      CURL_VERSION_ASYNCHDNS
LogInit:      CURL_VERSION_LARGEFILE
LogInit:      CURL_VERSION_IDN
LogInit:  CurlRequestOptions (configurable via config and command line):
LogInit:  - bVerifyPeer = true  - Libcurl will verify peer certificate
LogInit:  - bUseHttpProxy = false  - Libcurl will NOT use HTTP proxy
LogInit:  - bDontReuseConnections = false  - Libcurl will reuse connections
LogInit:  - MaxHostConnections = 16  - Libcurl will limit the number of connections to a host
LogInit:  - LocalHostAddr = Default
LogInit:  - BufferSize = 65536
LogInit: WinSock: version 1.1 (2.2), MaxSocks=32767, MaxUdp=65467
LogInit: Build: ++UE4+Release-4.21-CL-4753647
LogInit: Engine Version: 4.21.2-4753647+++UE4+Release-4.21
LogInit: Compatible Engine Version: 4.21.0-4541578+++UE4+Release-4.21
LogInit: Net CL: 4541578
LogInit: OS: Windows 10 (), CPU: Intel(R) Core(TM) i7-4770 CPU @ 3.40GHz, GPU: NVIDIA GeForce RTX 2070
LogInit: Compiled (64-bit): Jan 19 2019 02:07:31
LogInit: Compiled with Visual C++: 19.13.26129.00
LogInit: Build Configuration: Development
LogInit: Branch Name: ++UE4+Release-4.21
LogInit: Command Line: 
LogInit: Base Directory: C:/Program Files/Epic Games/UE_4.21/Engine/Binaries/Win64/
LogInit: Installed Engine Build: 1
LogDevObjectVersion: Number of dev versions registered: 22
LogDevObjectVersion:   Dev-Blueprints (B0D832E4-1F89-4F0D-ACCF-7EB736FD4AA2): 10
LogDevObjectVersion:   Dev-Build (E1C64328-A22C-4D53-A36C-8E866417BD8C): 0
LogDevObjectVersion:   Dev-Core (375EC13C-06E4-48FB-B500-84F0262A717E): 2
LogDevObjectVersion:   Dev-Editor (E4B068ED-F494-42E9-A231-DA0B2E46BB41): 26
LogDevObjectVersion:   Dev-Framework (CFFC743F-43B0-4480-9391-14DF171D2073): 34
LogDevObjectVersion:   Dev-Mobile (B02B49B5-BB20-44E9-A304-32B752E40360): 2
LogDevObjectVersion:   Dev-Networking (A4E4105C-59A1-49B5-A7C5-40C4547EDFEE): 0
LogDevObjectVersion:   Dev-Online (39C831C9-5AE6-47DC-9A44-9C173E1C8E7C): 0
LogDevObjectVersion:   Dev-Physics (78F01B33-EBEA-4F98-B9B4-84EACCB95AA2): 0
LogDevObjectVersion:   Dev-Platform (6631380F-2D4D-43E0-8009-CF276956A95A): 0
LogDevObjectVersion:   Dev-Rendering (12F88B9F-8875-4AFC-A67C-D90C383ABD29): 27
LogDevObjectVersion:   Dev-Sequencer (7B5AE74C-D270-4C10-A958-57980B212A5A): 9
LogDevObjectVersion:   Dev-VR (D7296918-1DD6-4BDD-9DE2-64A83CC13884): 2
LogDevObjectVersion:   Dev-LoadTimes (C2A15278-BFE7-4AFE-6C17-90FF531DF755): 1
LogDevObjectVersion:   Private-Geometry (6EACA3D4-40EC-4CC1-B786-8BED09428FC5): 3
LogDevObjectVersion:   Dev-AnimPhys (29E575DD-E0A3-4627-9D10-D276232CDCEA): 17
LogDevObjectVersion:   Dev-Anim (AF43A65D-7FD3-4947-9873-3E8ED9C1BB05): 2
LogDevObjectVersion:   Dev-ReflectionCapture (6B266CEC-1EC7-4B8F-A30B-E4D90942FC07): 1
LogDevObjectVersion:   Dev-Automation (0DF73D61-A23F-47EA-B727-89E90C41499A): 1
LogDevObjectVersion:   FortniteMain (601D1886-AC64-4F84-AA16-D3DE0DEAC7D6): 17
LogDevObjectVersion:   Dev-Enterprise (9DFFBCD6-494F-0158-E221-12823C92A888): 4
LogDevObjectVersion:   Dev-Niagara (F2AED0AC-9AFE-416F-8664-AA7FFA26D6FC): 1
LogStreaming: Display: Took  0.001s to delete old logs.
LogInit: Presizing for max 8388607 objects, including 0 objects not considered by GC, pre-allocating 0 bytes for permanent pool.
LogInit: Object subsystem initialized
LogConfig: Setting CVar [[con.DebugEarlyDefault:1]]
LogConfig: Setting CVar [[r.setres:1280x720]]
[2019.02.07-16.45.59:786][  0]LogConfig: Setting CVar [[r.VSync:0]]
[2019.02.07-16.45.59:786][  0]LogConfig: Setting CVar [[r.RHICmdBypass:0]]
[2019.02.07-16.45.59:786][  0]LogConfig: Applying CVar settings from Section [/Script/Engine.RendererSettings] File [C:/Users/Jordi/Documents/Unreal Projects/PodRacers/Saved/Config/Windows/Engine.ini]
[2019.02.07-16.45.59:786][  0]LogConfig: Setting CVar [[r.GPUCrashDebugging:0]]
[2019.02.07-16.45.59:786][  0]LogConfig: Applying CVar settings from Section [/Script/Engine.RendererOverrideSettings] File [C:/Users/Jordi/Documents/Unreal Projects/PodRacers/Saved/Config/Windows/Engine.ini]
[2019.02.07-16.45.59:786][  0]LogConfig: Applying CVar settings from Section [/Script/Engine.StreamingSettings] File [C:/Users/Jordi/Documents/Unreal Projects/PodRacers/Saved/Config/Windows/Engine.ini]
[2019.02.07-16.45.59:786][  0]LogConfig: Setting CVar [[s.MinBulkDataSizeForAsyncLoading:131072]]
[2019.02.07-16.45.59:786][  0]LogConfig: Setting CVar [[s.AsyncLoadingThreadEnabled:0]]
[2019.02.07-16.45.59:786][  0]LogConfig: Setting CVar [[s.EventDrivenLoaderEnabled:1]]
[2019.02.07-16.45.59:786][  0]LogConfig: Setting CVar [[s.WarnIfTimeLimitExceeded:0]]
[2019.02.07-16.45.59:786][  0]LogConfig: Setting CVar [[s.TimeLimitExceededMultiplier:1.5]]
[2019.02.07-16.45.59:786][  0]LogConfig: Setting CVar [[s.TimeLimitExceededMinTime:0.005]]
[2019.02.07-16.45.59:786][  0]LogConfig: Setting CVar [[s.UseBackgroundLevelStreaming:1]]
[2019.02.07-16.45.59:786][  0]LogConfig: Setting CVar [[s.PriorityAsyncLoadingExtraTime:15.0]]
[2019.02.07-16.45.59:786][  0]LogConfig: Setting CVar [[s.LevelStreamingActorsUpdateTimeLimit:5.0]]
[2019.02.07-16.45.59:787][  0]LogConfig: Setting CVar [[s.PriorityLevelStreamingActorsUpdateExtraTime:5.0]]
[2019.02.07-16.45.59:787][  0]LogConfig: Setting CVar [[s.LevelStreamingComponentsRegistrationGranularity:10]]
[2019.02.07-16.45.59:787][  0]LogConfig: Setting CVar [[s.UnregisterComponentsTimeLimit:1.0]]
[2019.02.07-16.45.59:787][  0]LogConfig: Setting CVar [[s.LevelStreamingComponentsUnregistrationGranularity:5]]
[2019.02.07-16.45.59:787][  0]LogConfig: Applying CVar settings from Section [/Script/Engine.GarbageCollectionSettings] File [C:/Users/Jordi/Documents/Unreal Projects/PodRacers/Saved/Config/Windows/Engine.ini]
[2019.02.07-16.45.59:787][  0]LogConfig: Setting CVar [[gc.MaxObjectsNotConsideredByGC:1]]
[2019.02.07-16.45.59:787][  0]LogConfig: Setting CVar [[gc.SizeOfPermanentObjectPool:0]]
[2019.02.07-16.45.59:787][  0]LogConfig: Setting CVar [[gc.FlushStreamingOnGC:0]]
[2019.02.07-16.45.59:787][  0]LogConfig: Setting CVar [[gc.NumRetriesBeforeForcingGC:10]]
[2019.02.07-16.45.59:787][  0]LogConfig: Setting CVar [[gc.AllowParallelGC:1]]
[2019.02.07-16.45.59:787][  0]LogConfig: Setting CVar [[gc.TimeBetweenPurgingPendingKillObjects:61.1]]
[2019.02.07-16.45.59:787][  0]LogConfig: Setting CVar [[gc.MaxObjectsInEditor:8388607]]
[2019.02.07-16.45.59:787][  0]LogConfig: Setting CVar [[gc.IncrementalBeginDestroyEnabled:1]]
[2019.02.07-16.45.59:787][  0]LogConfig: Setting CVar [[gc.CreateGCClusters:1]]
[2019.02.07-16.45.59:787][  0]LogConfig: Setting CVar [[gc.MergeGCClusters:0]]
[2019.02.07-16.45.59:787][  0]LogConfig: Setting CVar [[gc.MinGCClusterSize:5]]
[2019.02.07-16.45.59:787][  0]LogConfig: Setting CVar [[gc.ActorClusteringEnabled:0]]
[2019.02.07-16.45.59:787][  0]LogConfig: Setting CVar [[gc.BlueprintClusteringEnabled:0]]
[2019.02.07-16.45.59:787][  0]LogConfig: Setting CVar [[gc.UseDisregardForGCOnDedicatedServers:0]]
[2019.02.07-16.45.59:787][  0]LogConfig: Applying CVar settings from Section [/Script/Engine.NetworkSettings] File [C:/Users/Jordi/Documents/Unreal Projects/PodRacers/Saved/Config/Windows/Engine.ini]
[2019.02.07-16.45.59:787][  0]LogConfig: Applying CVar settings from Section [/Script/UnrealEd.CookerSettings] File [C:/Users/Jordi/Documents/Unreal Projects/PodRacers/Saved/Config/Windows/Engine.ini]
[2019.02.07-16.45.59:795][  0]LogConfig: Applying CVar settings from Section [ViewDistanceQuality@3] File [C:/Users/Jordi/Documents/Unreal Projects/PodRacers/Saved/Config/Windows/Scalability.ini]
[2019.02.07-16.45.59:795][  0]LogConfig: Setting CVar [[r.SkeletalMeshLODBias:0]]
[2019.02.07-16.45.59:796][  0]LogConfig: Setting CVar [[r.ViewDistanceScale:1.0]]
[2019.02.07-16.45.59:796][  0]LogConfig: Applying CVar settings from Section [AntiAliasingQuality@3] File [C:/Users/Jordi/Documents/Unreal Projects/PodRacers/Saved/Config/Windows/Scalability.ini]
[2019.02.07-16.45.59:796][  0]LogConfig: Setting CVar [[r.PostProcessAAQuality:4]]
[2019.02.07-16.45.59:796][  0]LogConfig: Applying CVar settings from Section [ShadowQuality@3] File [C:/Users/Jordi/Documents/Unreal Projects/PodRacers/Saved/Config/Windows/Scalability.ini]
[2019.02.07-16.45.59:796][  0]LogConfig: Setting CVar [[r.LightFunctionQuality:1]]
[2019.02.07-16.45.59:796][  0]LogConfig: Setting CVar [[r.ShadowQuality:5]]
[2019.02.07-16.45.59:796][  0]LogConfig: Setting CVar [[r.Shadow.CSM.MaxCascades:10]]
[2019.02.07-16.45.59:796][  0]LogConfig: Setting CVar [[r.Shadow.MaxResolution:2048]]
[2019.02.07-16.45.59:796][  0]LogConfig: Setting CVar [[r.Shadow.MaxCSMResolution:2048]]
[2019.02.07-16.45.59:796][  0]LogConfig: Setting CVar [[r.Shadow.RadiusThreshold:0.01]]
[2019.02.07-16.45.59:796][  0]LogConfig: Setting CVar [[r.Shadow.DistanceScale:1.0]]
[2019.02.07-16.45.59:796][  0]LogConfig: Setting CVar [[r.Shadow.CSM.TransitionScale:1.0]]
[2019.02.07-16.45.59:796][  0]LogConfig: Setting CVar [[r.Shadow.PreShadowResolutionFactor:1.0]]
[2019.02.07-16.45.59:796][  0]LogConfig: Setting CVar [[r.DistanceFieldShadowing:1]]
[2019.02.07-16.45.59:796][  0]LogConfig: Setting CVar [[r.DistanceFieldAO:1]]
[2019.02.07-16.45.59:796][  0]LogConfig: Setting CVar [[r.AOQuality:2]]
[2019.02.07-16.45.59:796][  0]LogConfig: Setting CVar [[r.VolumetricFog:1]]
[2019.02.07-16.45.59:796][  0]LogConfig: Setting CVar [[r.VolumetricFog.GridPixelSize:8]]
[2019.02.07-16.45.59:796][  0]LogConfig: Setting CVar [[r.VolumetricFog.GridSizeZ:128]]
[2019.02.07-16.45.59:796][  0]LogConfig: Setting CVar [[r.VolumetricFog.HistoryMissSupersampleCount:4]]
[2019.02.07-16.45.59:796][  0]LogConfig: Setting CVar [[r.LightMaxDrawDistanceScale:1]]
[2019.02.07-16.45.59:796][  0]LogConfig: Setting CVar [[r.CapsuleShadows:1]]
[2019.02.07-16.45.59:796][  0]LogConfig: Applying CVar settings from Section [PostProcessQuality@3] File [C:/Users/Jordi/Documents/Unreal Projects/PodRacers/Saved/Config/Windows/Scalability.ini]
[2019.02.07-16.45.59:796][  0]LogConfig: Setting CVar [[r.MotionBlurQuality:4]]
[2019.02.07-16.45.59:796][  0]LogConfig: Setting CVar [[r.AmbientOcclusionMipLevelFactor:0.4]]
[2019.02.07-16.45.59:796][  0]LogConfig: Setting CVar [[r.AmbientOcclusionMaxQuality:100]]
[2019.02.07-16.45.59:796][  0]LogConfig: Setting CVar [[r.AmbientOcclusionLevels:-1]]
[2019.02.07-16.45.59:796][  0]LogConfig: Setting CVar [[r.AmbientOcclusionRadiusScale:1.0]]
[2019.02.07-16.45.59:796][  0]LogConfig: Setting CVar [[r.DepthOfFieldQuality:2]]
[2019.02.07-16.45.59:796][  0]LogConfig: Setting CVar [[r.RenderTargetPoolMin:400]]
[2019.02.07-16.45.59:796][  0]LogConfig: Setting CVar [[r.LensFlareQuality:2]]
[2019.02.07-16.45.59:796][  0]LogConfig: Setting CVar [[r.SceneColorFringeQuality:1]]
[2019.02.07-16.45.59:796][  0]LogConfig: Setting CVar [[r.EyeAdaptationQuality:2]]
[2019.02.07-16.45.59:796][  0]LogConfig: Setting CVar [[r.BloomQuality:5]]
[2019.02.07-16.45.59:796][  0]LogConfig: Setting CVar [[r.FastBlurThreshold:100]]
[2019.02.07-16.45.59:796][  0]LogConfig: Setting CVar [[r.Upscale.Quality:3]]
[2019.02.07-16.45.59:796][  0]LogConfig: Setting CVar [[r.Tonemapper.GrainQuantization:1]]
[2019.02.07-16.45.59:796][  0]LogConfig: Setting CVar [[r.LightShaftQuality:1]]
[2019.02.07-16.45.59:796][  0]LogConfig: Setting CVar [[r.Filter.SizeScale:1]]
[2019.02.07-16.45.59:796][  0]LogConfig: Setting CVar [[r.Tonemapper.Quality:5]]
[2019.02.07-16.45.59:796][  0]LogConfig: Setting CVar [[r.DOF.Gather.AccumulatorQuality:1        ; higher gathering accumulator quality]]
[2019.02.07-16.45.59:796][  0]LogConfig: Setting CVar [[r.DOF.Gather.PostfilterMethod:1          ; Median3x3 postfilering method]]
[2019.02.07-16.45.59:796][  0]LogConfig: Setting CVar [[r.DOF.Gather.EnableBokehSettings:0       ; no bokeh simulation when gathering]]
[2019.02.07-16.45.59:796][  0]LogConfig: Setting CVar [[r.DOF.Gather.RingCount:4                 ; medium number of samples when gathering]]
[2019.02.07-16.45.59:796][  0]LogConfig: Setting CVar [[r.DOF.Scatter.ForegroundCompositing:1    ; additive foreground scattering]]
[2019.02.07-16.45.59:796][  0]LogConfig: Setting CVar [[r.DOF.Scatter.BackgroundCompositing:2    ; additive background scattering]]
[2019.02.07-16.45.59:796][  0]LogConfig: Setting CVar [[r.DOF.Scatter.EnableBokehSettings:1      ; bokeh simulation when scattering]]
[2019.02.07-16.45.59:796][  0]LogConfig: Setting CVar [[r.DOF.Scatter.MaxSpriteRatio:0.1         ; only a maximum of 10% of scattered bokeh]]
[2019.02.07-16.45.59:796][  0]LogConfig: Setting CVar [[r.DOF.Recombine.Quality:1                ; cheap slight out of focus]]
[2019.02.07-16.45.59:796][  0]LogConfig: Setting CVar [[r.DOF.Recombine.EnableBokehSettings:0    ; no bokeh simulation on slight out of focus]]
[2019.02.07-16.45.59:796][  0]LogConfig: Setting CVar [[r.DOF.TemporalAAQuality:1                ; more stable temporal accumulation]]
[2019.02.07-16.45.59:796][  0]LogConfig: Setting CVar [[r.DOF.Kernel.MaxForegroundRadius:0.025]]
[2019.02.07-16.45.59:796][  0]LogConfig: Setting CVar [[r.DOF.Kernel.MaxBackgroundRadius:0.025]]
[2019.02.07-16.45.59:796][  0]LogConfig: Applying CVar settings from Section [TextureQuality@3] File [C:/Users/Jordi/Documents/Unreal Projects/PodRacers/Saved/Config/Windows/Scalability.ini]
[2019.02.07-16.45.59:796][  0]LogConfig: Setting CVar [[r.Streaming.MipBias:0]]
[2019.02.07-16.45.59:796][  0]LogConfig: Setting CVar [[r.Streaming.AmortizeCPUToGPUCopy:0]]
[2019.02.07-16.45.59:796][  0]LogConfig: Setting CVar [[r.Streaming.MaxNumTexturesToStreamPerFrame:0]]
[2019.02.07-16.45.59:796][  0]LogConfig: Setting CVar [[r.Streaming.Boost:1]]
[2019.02.07-16.45.59:796][  0]LogConfig: Setting CVar [[r.MaxAnisotropy:8]]
[2019.02.07-16.45.59:796][  0]LogConfig: Setting CVar [[r.Streaming.LimitPoolSizeToVRAM:0]]
[2019.02.07-16.45.59:796][  0]LogConfig: Setting CVar [[r.Streaming.PoolSize:1000]]
[2019.02.07-16.45.59:796][  0]LogConfig: Setting CVar [[r.Streaming.MaxEffectiveScreenSize:0]]
[2019.02.07-16.45.59:796][  0]LogConfig: Applying CVar settings from Section [EffectsQuality@3] File [C:/Users/Jordi/Documents/Unreal Projects/PodRacers/Saved/Config/Windows/Scalability.ini]
[2019.02.07-16.45.59:796][  0]LogConfig: Setting CVar [[r.TranslucencyLightingVolumeDim:64]]
[2019.02.07-16.45.59:796][  0]LogConfig: Setting CVar [[r.RefractionQuality:2]]
[2019.02.07-16.45.59:796][  0]LogConfig: Setting CVar [[r.SSR.Quality:3]]
[2019.02.07-16.45.59:796][  0]LogConfig: Setting CVar [[r.SceneColorFormat:4]]
[2019.02.07-16.45.59:796][  0]LogConfig: Setting CVar [[r.DetailMode:2]]
[2019.02.07-16.45.59:797][  0]LogConfig: Setting CVar [[r.TranslucencyVolumeBlur:1]]
[2019.02.07-16.45.59:797][  0]LogConfig: Setting CVar [[r.MaterialQualityLevel:1 ; High quality]]
[2019.02.07-16.45.59:797][  0]LogConfig: Setting CVar [[r.SSS.Scale:1]]
[2019.02.07-16.45.59:797][  0]LogConfig: Setting CVar [[r.SSS.SampleSet:2]]
[2019.02.07-16.45.59:797][  0]LogConfig: Setting CVar [[r.SSS.Quality:1]]
[2019.02.07-16.45.59:797][  0]LogConfig: Setting CVar [[r.SSS.HalfRes:1]]
[2019.02.07-16.45.59:797][  0]LogConfig: Setting CVar [[r.EmitterSpawnRateScale:1.0]]
[2019.02.07-16.45.59:797][  0]LogConfig: Setting CVar [[r.ParticleLightQuality:2]]
[2019.02.07-16.45.59:797][  0]LogConfig: Applying CVar settings from Section [FoliageQuality@3] File [C:/Users/Jordi/Documents/Unreal Projects/PodRacers/Saved/Config/Windows/Scalability.ini]
[2019.02.07-16.45.59:797][  0]LogConfig: Setting CVar [[foliage.DensityScale:1.0]]
[2019.02.07-16.45.59:797][  0]LogConfig: Setting CVar [[grass.DensityScale:1.0]]
[2019.02.07-16.45.59:797][  0]LogInit: Selected Device Profile: [Windows]
[2019.02.07-16.45.59:797][  0]LogInit: Applying CVar settings loaded from the selected device profile: [Windows]
[2019.02.07-16.45.59:811][  0]LogHAL: Display: Platform has ~ 8 GB [8525651968 / 8589934592 / 8], which maps to Default [LargestMinGB=32, LargerMinGB=12, DefaultMinGB=8, SmallerMinGB=6, SmallestMinGB=0)
[2019.02.07-16.45.59:811][  0]LogConfig: Setting CVar [[r.Vulkan.UseRealUBs:1]]
[2019.02.07-16.45.59:811][  0]LogInit: Going up to parent DeviceProfile []
[2019.02.07-16.45.59:811][  0]LogConfig: Applying CVar settings from Section [ViewDistanceQuality@3] File [C:/Users/Jordi/Documents/Unreal Projects/PodRacers/Saved/Config/Windows/Scalability.ini]
[2019.02.07-16.45.59:811][  0]LogConfig: Setting CVar [[r.SkeletalMeshLODBias:0]]
[2019.02.07-16.45.59:811][  0]LogConfig: Setting CVar [[r.ViewDistanceScale:1.0]]
[2019.02.07-16.45.59:811][  0]LogConfig: Applying CVar settings from Section [AntiAliasingQuality@3] File [C:/Users/Jordi/Documents/Unreal Projects/PodRacers/Saved/Config/Windows/Scalability.ini]
[2019.02.07-16.45.59:811][  0]LogConfig: Setting CVar [[r.PostProcessAAQuality:4]]
[2019.02.07-16.45.59:811][  0]LogConfig: Applying CVar settings from Section [ShadowQuality@3] File [C:/Users/Jordi/Documents/Unreal Projects/PodRacers/Saved/Config/Windows/Scalability.ini]
[2019.02.07-16.45.59:811][  0]LogConfig: Setting CVar [[r.LightFunctionQuality:1]]
[2019.02.07-16.45.59:811][  0]LogConfig: Setting CVar [[r.ShadowQuality:5]]
[2019.02.07-16.45.59:811][  0]LogConfig: Setting CVar [[r.Shadow.CSM.MaxCascades:10]]
[2019.02.07-16.45.59:811][  0]LogConfig: Setting CVar [[r.Shadow.MaxResolution:2048]]
[2019.02.07-16.45.59:811][  0]LogConfig: Setting CVar [[r.Shadow.MaxCSMResolution:2048]]
[2019.02.07-16.45.59:811][  0]LogConfig: Setting CVar [[r.Shadow.RadiusThreshold:0.01]]
[2019.02.07-16.45.59:811][  0]LogConfig: Setting CVar [[r.Shadow.DistanceScale:1.0]]
[2019.02.07-16.45.59:811][  0]LogConfig: Setting CVar [[r.Shadow.CSM.TransitionScale:1.0]]
[2019.02.07-16.45.59:811][  0]LogConfig: Setting CVar [[r.Shadow.PreShadowResolutionFactor:1.0]]
[2019.02.07-16.45.59:811][  0]LogConfig: Setting CVar [[r.DistanceFieldShadowing:1]]
[2019.02.07-16.45.59:811][  0]LogConfig: Setting CVar [[r.DistanceFieldAO:1]]
[2019.02.07-16.45.59:811][  0]LogConfig: Setting CVar [[r.AOQuality:2]]
[2019.02.07-16.45.59:811][  0]LogConfig: Setting CVar [[r.VolumetricFog:1]]
[2019.02.07-16.45.59:811][  0]LogConfig: Setting CVar [[r.VolumetricFog.GridPixelSize:8]]
[2019.02.07-16.45.59:811][  0]LogConfig: Setting CVar [[r.VolumetricFog.GridSizeZ:128]]
[2019.02.07-16.45.59:811][  0]LogConfig: Setting CVar [[r.VolumetricFog.HistoryMissSupersampleCount:4]]
[2019.02.07-16.45.59:811][  0]LogConfig: Setting CVar [[r.LightMaxDrawDistanceScale:1]]
[2019.02.07-16.45.59:811][  0]LogConfig: Setting CVar [[r.CapsuleShadows:1]]
[2019.02.07-16.45.59:811][  0]LogConfig: Applying CVar settings from Section [PostProcessQuality@3] File [C:/Users/Jordi/Documents/Unreal Projects/PodRacers/Saved/Config/Windows/Scalability.ini]
[2019.02.07-16.45.59:811][  0]LogConfig: Setting CVar [[r.MotionBlurQuality:4]]
[2019.02.07-16.45.59:811][  0]LogConfig: Setting CVar [[r.AmbientOcclusionMipLevelFactor:0.4]]
[2019.02.07-16.45.59:811][  0]LogConfig: Setting CVar [[r.AmbientOcclusionMaxQuality:100]]
[2019.02.07-16.45.59:811][  0]LogConfig: Setting CVar [[r.AmbientOcclusionLevels:-1]]
[2019.02.07-16.45.59:811][  0]LogConfig: Setting CVar [[r.AmbientOcclusionRadiusScale:1.0]]
[2019.02.07-16.45.59:811][  0]LogConfig: Setting CVar [[r.DepthOfFieldQuality:2]]
[2019.02.07-16.45.59:811][  0]LogConfig: Setting CVar [[r.RenderTargetPoolMin:400]]
[2019.02.07-16.45.59:811][  0]LogConfig: Setting CVar [[r.LensFlareQuality:2]]
[2019.02.07-16.45.59:811][  0]LogConfig: Setting CVar [[r.SceneColorFringeQuality:1]]
[2019.02.07-16.45.59:811][  0]LogConfig: Setting CVar [[r.EyeAdaptationQuality:2]]
[2019.02.07-16.45.59:811][  0]LogConfig: Setting CVar [[r.BloomQuality:5]]
[2019.02.07-16.45.59:811][  0]LogConfig: Setting CVar [[r.FastBlurThreshold:100]]
[2019.02.07-16.45.59:811][  0]LogConfig: Setting CVar [[r.Upscale.Quality:3]]
[2019.02.07-16.45.59:811][  0]LogConfig: Setting CVar [[r.Tonemapper.GrainQuantization:1]]
[2019.02.07-16.45.59:811][  0]LogConfig: Setting CVar [[r.LightShaftQuality:1]]
[2019.02.07-16.45.59:811][  0]LogConfig: Setting CVar [[r.Filter.SizeScale:1]]
[2019.02.07-16.45.59:811][  0]LogConfig: Setting CVar [[r.Tonemapper.Quality:5]]
[2019.02.07-16.45.59:812][  0]LogConfig: Setting CVar [[r.DOF.Gather.AccumulatorQuality:1        ; higher gathering accumulator quality]]
[2019.02.07-16.45.59:812][  0]LogConfig: Setting CVar [[r.DOF.Gather.PostfilterMethod:1          ; Median3x3 postfilering method]]
[2019.02.07-16.45.59:812][  0]LogConfig: Setting CVar [[r.DOF.Gather.EnableBokehSettings:0       ; no bokeh simulation when gathering]]
[2019.02.07-16.45.59:812][  0]LogConfig: Setting CVar [[r.DOF.Gather.RingCount:4                 ; medium number of samples when gathering]]
[2019.02.07-16.45.59:812][  0]LogConfig: Setting CVar [[r.DOF.Scatter.ForegroundCompositing:1    ; additive foreground scattering]]
[2019.02.07-16.45.59:812][  0]LogConfig: Setting CVar [[r.DOF.Scatter.BackgroundCompositing:2    ; additive background scattering]]
[2019.02.07-16.45.59:812][  0]LogConfig: Setting CVar [[r.DOF.Scatter.EnableBokehSettings:1      ; bokeh simulation when scattering]]
[2019.02.07-16.45.59:812][  0]LogConfig: Setting CVar [[r.DOF.Scatter.MaxSpriteRatio:0.1         ; only a maximum of 10% of scattered bokeh]]
[2019.02.07-16.45.59:812][  0]LogConfig: Setting CVar [[r.DOF.Recombine.Quality:1                ; cheap slight out of focus]]
[2019.02.07-16.45.59:812][  0]LogConfig: Setting CVar [[r.DOF.Recombine.EnableBokehSettings:0    ; no bokeh simulation on slight out of focus]]
[2019.02.07-16.45.59:812][  0]LogConfig: Setting CVar [[r.DOF.TemporalAAQuality:1                ; more stable temporal accumulation]]
[2019.02.07-16.45.59:812][  0]LogConfig: Setting CVar [[r.DOF.Kernel.MaxForegroundRadius:0.025]]
[2019.02.07-16.45.59:812][  0]LogConfig: Setting CVar [[r.DOF.Kernel.MaxBackgroundRadius:0.025]]
[2019.02.07-16.45.59:812][  0]LogConfig: Applying CVar settings from Section [TextureQuality@3] File [C:/Users/Jordi/Documents/Unreal Projects/PodRacers/Saved/Config/Windows/Scalability.ini]
[2019.02.07-16.45.59:812][  0]LogConfig: Setting CVar [[r.Streaming.MipBias:0]]
[2019.02.07-16.45.59:812][  0]LogConfig: Setting CVar [[r.Streaming.AmortizeCPUToGPUCopy:0]]
[2019.02.07-16.45.59:812][  0]LogConfig: Setting CVar [[r.Streaming.MaxNumTexturesToStreamPerFrame:0]]
[2019.02.07-16.45.59:812][  0]LogConfig: Setting CVar [[r.Streaming.Boost:1]]
[2019.02.07-16.45.59:812][  0]LogConfig: Setting CVar [[r.MaxAnisotropy:8]]
[2019.02.07-16.45.59:812][  0]LogConfig: Setting CVar [[r.Streaming.LimitPoolSizeToVRAM:0]]
[2019.02.07-16.45.59:812][  0]LogConfig: Setting CVar [[r.Streaming.PoolSize:1000]]
[2019.02.07-16.45.59:812][  0]LogConfig: Setting CVar [[r.Streaming.MaxEffectiveScreenSize:0]]
[2019.02.07-16.45.59:812][  0]LogConfig: Applying CVar settings from Section [EffectsQuality@3] File [C:/Users/Jordi/Documents/Unreal Projects/PodRacers/Saved/Config/Windows/Scalability.ini]
[2019.02.07-16.45.59:812][  0]LogConfig: Setting CVar [[r.TranslucencyLightingVolumeDim:64]]
[2019.02.07-16.45.59:812][  0]LogConfig: Setting CVar [[r.RefractionQuality:2]]
[2019.02.07-16.45.59:812][  0]LogConfig: Setting CVar [[r.SSR.Quality:3]]
[2019.02.07-16.45.59:812][  0]LogConfig: Setting CVar [[r.SceneColorFormat:4]]
[2019.02.07-16.45.59:812][  0]LogConfig: Setting CVar [[r.DetailMode:2]]
[2019.02.07-16.45.59:812][  0]LogConfig: Setting CVar [[r.TranslucencyVolumeBlur:1]]
[2019.02.07-16.45.59:812][  0]LogConfig: Setting CVar [[r.MaterialQualityLevel:1 ; High quality]]
[2019.02.07-16.45.59:812][  0]LogConfig: Setting CVar [[r.SSS.Scale:1]]
[2019.02.07-16.45.59:812][  0]LogConfig: Setting CVar [[r.SSS.SampleSet:2]]
[2019.02.07-16.45.59:812][  0]LogConfig: Setting CVar [[r.SSS.Quality:1]]
[2019.02.07-16.45.59:812][  0]LogConfig: Setting CVar [[r.SSS.HalfRes:1]]
[2019.02.07-16.45.59:812][  0]LogConfig: Setting CVar [[r.EmitterSpawnRateScale:1.0]]
[2019.02.07-16.45.59:812][  0]LogConfig: Setting CVar [[r.ParticleLightQuality:2]]
[2019.02.07-16.45.59:812][  0]LogConfig: Applying CVar settings from Section [FoliageQuality@3] File [C:/Users/Jordi/Documents/Unreal Projects/PodRacers/Saved/Config/Windows/Scalability.ini]
[2019.02.07-16.45.59:812][  0]LogConfig: Setting CVar [[foliage.DensityScale:1.0]]
[2019.02.07-16.45.59:812][  0]LogConfig: Setting CVar [[grass.DensityScale:1.0]]
[2019.02.07-16.45.59:812][  0]LogConfig: Applying CVar settings from Section [Startup] File [../../../Engine/Config/ConsoleVariables.ini]
[2019.02.07-16.45.59:812][  0]LogConfig: Setting CVar [[net.UseAdaptiveNetUpdateFrequency:0]]
[2019.02.07-16.45.59:812][  0]LogConfig: Applying CVar settings from Section [ConsoleVariables] File [C:/Users/Jordi/Documents/Unreal Projects/PodRacers/Saved/Config/Windows/Engine.ini]
[2019.02.07-16.45.59:812][  0]LogInit: Computer: DESKTOP-44G0LU4
[2019.02.07-16.45.59:812][  0]LogInit: User: Jordi
[2019.02.07-16.45.59:812][  0]LogInit: CPU Page size=4096, Cores=4
[2019.02.07-16.45.59:812][  0]LogInit: High frequency timer resolution =3.312644 MHz
[2019.02.07-16.45.59:813][  0]LogMemory: Memory total: Physical=7.9GB (8GB approx)
[2019.02.07-16.45.59:813][  0]LogMemory: Platform Memory Stats for Windows
[2019.02.07-16.45.59:813][  0]LogMemory: Process Physical Memory: 102.42 MB used, 102.42 MB peak
[2019.02.07-16.45.59:813][  0]LogMemory: Process Virtual Memory: 89.61 MB used, 89.61 MB peak
[2019.02.07-16.45.59:813][  0]LogMemory: Physical Memory: 4405.75 MB used,  3724.95 MB free, 8130.70 MB total
[2019.02.07-16.45.59:813][  0]LogMemory: Virtual Memory: 4646.28 MB used,  134213080.00 MB free, 134217728.00 MB total
[2019.02.07-16.45.59:836][  0]LogInit: Overriding language with editor language configuration option (en).
[2019.02.07-16.45.59:836][  0]LogInit: Overriding locale with editor locale configuration option (en).
[2019.02.07-16.46.00:315][  0]LogStreaming: Display: Took  0.478s to InitEngineTextLocalization.
[2019.02.07-16.46.00:315][  0]LogInit: Setting process to per monitor DPI aware
[2019.02.07-16.46.00:362][  0]LogSlate: New Slate User Created.  User Index 0, Is Virtual User: 0
[2019.02.07-16.46.00:362][  0]LogSlate: Slate User Registered.  User Index 0, Is Virtual User: 0
[2019.02.07-16.46.00:609][  0]LogHMD: Failed to initialize OpenVR with code 101
[2019.02.07-16.46.00:609][  0]LogD3D11RHI: D3D11 adapters:
[2019.02.07-16.46.00:695][  0]LogD3D11RHI:    0. 'NVIDIA GeForce RTX 2070' (Feature Level 11_0)
[2019.02.07-16.46.00:696][  0]LogD3D11RHI:       8031/0/4065 MB DedicatedVideo/DedicatedSystem/SharedSystem, Outputs:2, VendorId:0x10de
[2019.02.07-16.46.00:698][  0]LogD3D11RHI:    1. 'Microsoft Basic Render Driver' (Feature Level 11_0)
[2019.02.07-16.46.00:698][  0]LogD3D11RHI:       0/0/4065 MB DedicatedVideo/DedicatedSystem/SharedSystem, Outputs:0, VendorId:0x1414
[2019.02.07-16.46.00:698][  0]LogD3D11RHI: Chosen D3D11 Adapter: 0
[2019.02.07-16.46.00:705][  0]LogD3D11RHI: Creating new Direct3DDevice
[2019.02.07-16.46.00:705][  0]LogD3D11RHI:     GPU DeviceId: 0x1f07 (for the marketing name, search the web for "GPU Device Id")
[2019.02.07-16.46.00:705][  0]LogWindows: EnumDisplayDevices:
[2019.02.07-16.46.00:706][  0]LogWindows:    0. 'NVIDIA GeForce RTX 2070' (P:1 D:1)
[2019.02.07-16.46.00:706][  0]LogWindows:    1. 'NVIDIA GeForce RTX 2070' (P:0 D:1)
[2019.02.07-16.46.00:706][  0]LogWindows:    2. 'NVIDIA GeForce RTX 2070' (P:0 D:0)
[2019.02.07-16.46.00:707][  0]LogWindows:    3. 'NVIDIA GeForce RTX 2070' (P:0 D:0)
[2019.02.07-16.46.00:707][  0]LogWindows: DebugString: FoundDriverCount:4 
[2019.02.07-16.46.00:707][  0]LogD3D11RHI:     Adapter Name: NVIDIA GeForce RTX 2070
[2019.02.07-16.46.00:707][  0]LogD3D11RHI:   Driver Version: 417.35 (internal:25.21.14.1735, unified:417.35)
[2019.02.07-16.46.00:707][  0]LogD3D11RHI:      Driver Date: 12-11-2018
[2019.02.07-16.46.00:707][  0]LogRHI: Texture pool is 5621 MB (70% of 8031 MB)
[2019.02.07-16.46.00:764][  0]LogD3D11RHI: Async texture creation enabled
[2019.02.07-16.46.00:787][  0]LogD3D11RHI: GPU Timing Frequency: 1000.000000 (Debug: 2 2)
[2019.02.07-16.46.01:229][  0]LogTemp: Display: Loaded TP AllDesktopTargetPlatform
[2019.02.07-16.46.01:243][  0]LogTemp: Display: Loaded TP MacClientTargetPlatform
[2019.02.07-16.46.01:260][  0]LogTemp: Display: Loaded TP MacNoEditorTargetPlatform
[2019.02.07-16.46.01:297][  0]LogTemp: Display: Loaded TP MacServerTargetPlatform
[2019.02.07-16.46.01:314][  0]LogTemp: Display: Loaded TP MacTargetPlatform
[2019.02.07-16.46.01:333][  0]LogTemp: Display: Loaded TP WindowsClientTargetPlatform
[2019.02.07-16.46.01:355][  0]LogTemp: Display: Loaded TP WindowsNoEditorTargetPlatform
[2019.02.07-16.46.01:372][  0]LogTemp: Display: Loaded TP WindowsServerTargetPlatform
[2019.02.07-16.46.01:379][  0]LogTemp: Display: Loaded TP WindowsTargetPlatform
[2019.02.07-16.46.01:460][  0]LogTemp: Display: Loaded TP AndroidTargetPlatform
[2019.02.07-16.46.01:460][  0]LogTemp: Display: Loaded TP AndroidTargetPlatform
[2019.02.07-16.46.01:460][  0]LogTemp: Display: Loaded TP AndroidTargetPlatform
[2019.02.07-16.46.01:460][  0]LogTemp: Display: Loaded TP AndroidTargetPlatform
[2019.02.07-16.46.01:460][  0]LogTemp: Display: Loaded TP AndroidTargetPlatform
[2019.02.07-16.46.01:460][  0]LogTemp: Display: Loaded TP AndroidTargetPlatform
[2019.02.07-16.46.01:460][  0]LogTemp: Display: Loaded TP AndroidTargetPlatform
[2019.02.07-16.46.01:460][  0]LogTemp: Display: Loaded TP AndroidTargetPlatform
[2019.02.07-16.46.01:460][  0]LogTemp: Display: Loaded TP AndroidTargetPlatform
[2019.02.07-16.46.01:460][  0]LogTemp: Display: Loaded TP AndroidTargetPlatform
[2019.02.07-16.46.01:460][  0]LogTemp: Display: Loaded TP AndroidTargetPlatform
[2019.02.07-16.46.01:460][  0]LogTemp: Display: Loaded TP AndroidTargetPlatform
[2019.02.07-16.46.01:460][  0]LogTemp: Display: Loaded TP AndroidTargetPlatform
[2019.02.07-16.46.01:460][  0]LogTemp: Display: Loaded TP AndroidTargetPlatform
[2019.02.07-16.46.01:460][  0]LogTemp: Display: Loaded TP AndroidTargetPlatform
[2019.02.07-16.46.01:460][  0]LogTemp: Display: Loaded TP AndroidTargetPlatform
[2019.02.07-16.46.01:460][  0]LogTemp: Display: Loaded TP AndroidTargetPlatform
[2019.02.07-16.46.01:460][  0]LogTemp: Display: Loaded TP AndroidTargetPlatform
[2019.02.07-16.46.01:462][  0]LogTemp: Display: Loaded TP HTML5TargetPlatform
[2019.02.07-16.46.01:526][  0]LogTemp: Display: Loaded TP IOSTargetPlatform
[2019.02.07-16.46.01:526][  0]LogTemp: Display: Loaded TP IOSTargetPlatform
[2019.02.07-16.46.01:551][  0]LogTemp: Display: Loaded TP TVOSTargetPlatform
[2019.02.07-16.46.01:551][  0]LogTemp: Display: Loaded TP TVOSTargetPlatform
[2019.02.07-16.46.01:564][  0]LogTemp: Display: Loaded TP LinuxClientTargetPlatform
[2019.02.07-16.46.01:579][  0]LogTemp: Display: Loaded TP LinuxNoEditorTargetPlatform
[2019.02.07-16.46.01:592][  0]LogTemp: Display: Loaded TP LinuxServerTargetPlatform
[2019.02.07-16.46.01:607][  0]LogTemp: Display: Loaded TP LinuxTargetPlatform
[2019.02.07-16.46.01:665][  0]LogTemp: Display: Loaded TP LuminTargetPlatform
[2019.02.07-16.46.01:665][  0]LogTemp: Display: Loaded TP LuminTargetPlatform
[2019.02.07-16.46.01:665][  0]LogTargetPlatformManager: Display: Building Assets For Windows
[2019.02.07-16.46.01:751][  0]LogShaderCompilers: Guid format shader working directory is -20 characters bigger than the processId version (../../../../../../Users/Jordi/Documents/Unreal Projects/PodRacers/Intermediate/Shaders/WorkingDirectory/14276/).
[2019.02.07-16.46.01:751][  0]LogShaderCompilers: Cleaned the shader compiler working directory 'C:/Users/Jordi/AppData/Local/Temp/UnrealShaderWorkingDir/E96AB2B742F99FBC46FDD5BA8DFE3D14/'.
[2019.02.07-16.46.01:756][  0]LogXGEController: Cannot use XGE Controller as Incredibuild is not installed on this machine.
[2019.02.07-16.46.01:756][  0]LogShaderCompilers: Cannot use XGE Shader Compiler as Incredibuild is not installed on this machine.
[2019.02.07-16.46.01:756][  0]LogShaderCompilers: Display: Using Local Shader Compiler.
[2019.02.07-16.46.02:318][  0]LogDerivedDataCache: Display: Max Cache Size: 512 MB
[2019.02.07-16.46.02:417][  0]LogDerivedDataCache: Loaded boot cache 0.10s 71MB C:/Users/Jordi/AppData/Local/UnrealEngine/4.21/DerivedDataCache/Boot.ddc.
[2019.02.07-16.46.02:417][  0]LogDerivedDataCache: Display: Loaded Boot cache: C:/Users/Jordi/AppData/Local/UnrealEngine/4.21/DerivedDataCache/Boot.ddc
[2019.02.07-16.46.02:417][  0]LogDerivedDataCache: FDerivedDataBackendGraph:  Pak pak cache file ../../../../../../Users/Jordi/Documents/Unreal Projects/PodRacers/DerivedDataCache/DDC.ddp not found, will not use a pak cache.
[2019.02.07-16.46.02:417][  0]LogDerivedDataCache: Unable to find inner node Pak for hierarchical cache Hierarchy.
[2019.02.07-16.46.02:417][  0]LogDerivedDataCache: FDerivedDataBackendGraph:  CompressedPak pak cache file ../../../../../../Users/Jordi/Documents/Unreal Projects/PodRacers/DerivedDataCache/Compressed.ddp not found, will not use a pak cache.
[2019.02.07-16.46.02:417][  0]LogDerivedDataCache: Unable to find inner node CompressedPak for hierarchical cache Hierarchy.
[2019.02.07-16.46.02:431][  0]LogDerivedDataCache: Display: Pak cache opened for reading ../../../Engine/DerivedDataCache/Compressed.ddp.
[2019.02.07-16.46.02:431][  0]LogDerivedDataCache: FDerivedDataBackendGraph:  EnterprisePak pak cache file ../../../Enterprise/DerivedDataCache/Compressed.ddp not found, will not use a pak cache.
[2019.02.07-16.46.02:431][  0]LogDerivedDataCache: Unable to find inner node EnterprisePak for hierarchical cache Hierarchy.
[2019.02.07-16.46.02:443][  0]LogDerivedDataCache: Using Local data cache path C:/Users/Jordi/AppData/Local/UnrealEngine/Common/DerivedDataCache: Writable
[2019.02.07-16.46.02:443][  0]LogDerivedDataCache: Shared data cache path not found in *engine.ini, will not use an Shared cache.
[2019.02.07-16.46.02:443][  0]LogDerivedDataCache: Unable to find inner node Shared for hierarchical cache Hierarchy.
[2019.02.07-16.46.02:465][  0]LogMaterial: Verifying Global Shaders for PCD3D_SM5
[2019.02.07-16.46.02:467][  0]LogSlate: Using FreeType 2.6.0
[2019.02.07-16.46.02:467][  0]LogSlate: SlateFontServices - WITH_FREETYPE: 1, WITH_HARFBUZZ: 1
[2019.02.07-16.46.02:557][  0]LogAssetRegistry: FAssetRegistry took 0.0328 seconds to start up
[2019.02.07-16.46.02:920][  0]LogInit: Selected Device Profile: [Windows]
[2019.02.07-16.46.03:102][  0]LogSimplygon: Simplygon DLL not present - disabling.
[2019.02.07-16.46.03:109][  0]LogMeshReduction: Using SimplygonSwarm for distributed automatic mesh merging
[2019.02.07-16.46.03:109][  0]LogMeshReduction: Using ProxyLODMeshReduction for automatic mesh merging
[2019.02.07-16.46.03:109][  0]LogMeshReduction: Using QuadricMeshReduction for automatic static mesh reduction
[2019.02.07-16.46.03:109][  0]LogMeshReduction: No automatic skeletal mesh reduction module available
[2019.02.07-16.46.03:127][  0]LogNetVersion: PodRacers 1.0.0, NetCL: 4541578, EngineNetVer: 5, GameNetVer: 0 (Checksum: 1787698366)
[2019.02.07-16.46.03:825][  0]LogPackageLocalizationCache: Processed 11 localized package path(s) for 1 prioritized culture(s) in 0.099661 seconds
[2019.02.07-16.46.03:834][  0]LogUObjectArray: 39775 objects as part of root set at end of initial load.
[2019.02.07-16.46.03:834][  0]LogUObjectAllocator: 6914664 out of 0 bytes used by permanent object pool.
[2019.02.07-16.46.03:834][  0]LogUObjectArray: CloseDisregardForGC: 0/0 objects in disregard for GC pool
[2019.02.07-16.46.04:852][  0]LogTcpMessaging: Initializing TcpMessaging bridge
[2019.02.07-16.46.04:866][  0]LogUdpMessaging: Initializing bridge on interface 0.0.0.0:0 to multicast group 230.0.0.1:6666.
[2019.02.07-16.46.05:614][  0]SourceControl: Source control is disabled
[2019.02.07-16.46.05:614][  0]SourceControl: Source control is disabled
[2019.02.07-16.46.05:616][  0]SourceControl: Source control is disabled
[2019.02.07-16.46.05:617][  0]SourceControl: Source control is disabled
[2019.02.07-16.46.05:810][  0]LogAndroidPermission: UAndroidPermissionCallbackProxy::GetInstance
[2019.02.07-16.46.05:922][  0]LogOcInput: OculusInput pre-init called
[2019.02.07-16.46.06:074][  0]LogEngine: Initializing Engine...
[2019.02.07-16.46.06:075][  0]LogHMD: Failed to initialize OpenVR with code 101
[2019.02.07-16.46.06:076][  0]LogStats: UGameplayTagsManager::ConstructGameplayTagTree: ImportINI prefixes -  0.000 s
[2019.02.07-16.46.06:076][  0]LogStats: UGameplayTagsManager::ConstructGameplayTagTree: Construct from data asset -  0.000 s
[2019.02.07-16.46.06:076][  0]LogStats: UGameplayTagsManager::ConstructGameplayTagTree: ImportINI -  0.000 s
[2019.02.07-16.46.06:076][  0]LogStats: UGameplayTagsManager::ConstructGameplayTagTree: GameplayTagTreeChangedEvent.Broadcast -  0.000 s
[2019.02.07-16.46.06:381][  0]LogInit: Initializing FReadOnlyCVARCache
[2019.02.07-16.46.06:412][  0]LogAIModule: Creating AISystem for world Untitled
[2019.02.07-16.46.06:526][  0]LogInit: XAudio2 using 'Altavoces (Realtek High Definition Audio)' : 2 channels at 48 kHz using 32 bits per sample (channel mask 0x3)
[2019.02.07-16.46.06:553][  0]LogInit: FAudioDevice initialized.
[2019.02.07-16.46.06:553][  0]LogNetVersion: Set ProjectVersion to 1.0.0.0. Version Checksum will be recalculated on next use.
[2019.02.07-16.46.06:747][  0]LogDerivedDataCache: Saved boot cache 0.19s 71MB C:/Users/Jordi/AppData/Local/UnrealEngine/4.21/DerivedDataCache/Boot.ddc.
[2019.02.07-16.46.06:764][  0]LogInit: Texture streaming: Enabled
[2019.02.07-16.46.06:791][  0]LogEngineSessionManager: EngineSessionManager initialized
[2019.02.07-16.46.06:814][  0]LogInit: Transaction tracking system initialized
[2019.02.07-16.46.06:855][  0]BlueprintLog: New page: Editor Load
[2019.02.07-16.46.06:989][  0]LocalizationService: Localization service is disabled
[2019.02.07-16.46.07:634][  0]LogFileCache: Scanning file cache for directory 'C:/Users/Jordi/Documents/Unreal Projects/PodRacers/Content/' took 0.02s
[2019.02.07-16.46.07:634][  0]LogCook: Display: Max memory allowance for cook 16384mb min free memory 0mb
[2019.02.07-16.46.07:635][  0]LogCook: Display: Mobile HDR setting 1
[2019.02.07-16.46.07:635][  0]LogGameplayTags: Display: UGameplayTagsManager::DoneAddingNativeTags. DelegateIsBound: 0
[2019.02.07-16.46.07:635][  0]LogStats: UGameplayTagsManager::ConstructGameplayTagTree: ImportINI prefixes -  0.000 s
[2019.02.07-16.46.07:635][  0]LogStats: UGameplayTagsManager::ConstructGameplayTagTree: Construct from data asset -  0.000 s
[2019.02.07-16.46.07:636][  0]LogStats: UGameplayTagsManager::ConstructGameplayTagTree: ImportINI -  0.000 s
[2019.02.07-16.46.07:636][  0]LogStats: UGameplayTagsManager::ConstructGameplayTagTree: GameplayTagTreeChangedEvent.Broadcast -  0.000 s
[2019.02.07-16.46.07:855][  0]SourceControl: Source control is disabled
[2019.02.07-16.46.07:855][  0]Cmd: MAP LOAD FILE="../../../../../../Users/Jordi/Documents/Unreal Projects/PodRacers/Content/ThirdPersonBP/Maps/ThirdPersonExampleMap.umap" TEMPLATE=0 SHOWPROGRESS=1 FEATURELEVEL=3
[2019.02.07-16.46.07:856][  0]LightingResults: New page: Lighting Build
[2019.02.07-16.46.07:860][  0]MapCheck: New page: Map Check
[2019.02.07-16.46.07:860][  0]LightingResults: New page: Lighting Build
[2019.02.07-16.46.08:504][  0]LogAIModule: Creating AISystem for world ThirdPersonExampleMap
[2019.02.07-16.46.08:535][  0]LogEditorServer: Finished looking for orphan Actors (0.000 secs)
[2019.02.07-16.46.08:559][  0]Cmd: MAP CHECKDEP NOCLEARLOG
[2019.02.07-16.46.08:560][  0]MapCheck: Map check complete: 0 Error(s), 0 Warning(s), took 0.227ms to complete.
[2019.02.07-16.46.08:560][  0]LogFileHelpers: Loading map 'ThirdPersonExampleMap' took 0.705
[2019.02.07-16.46.08:749][  0]LogSlate: Updating window title bar state: overlay mode, drag disabled, window buttons hidden, title bar hidden
[2019.02.07-16.46.08:764][  0]LogSlate: Updating window title bar state: overlay mode, drag disabled, window buttons hidden, title bar hidden
[2019.02.07-16.46.08:774][  0]LogSlate: Updating window title bar state: overlay mode, drag disabled, window buttons hidden, title bar hidden
[2019.02.07-16.46.08:785][  0]LogSlate: Updating window title bar state: overlay mode, drag disabled, window buttons hidden, title bar hidden
[2019.02.07-16.46.08:806][  0]LogCollectionManager: Loaded 0 collections in 0.004425 seconds
[2019.02.07-16.46.08:860][  0]LogFileCache: Scanning file cache for directory 'C:/Users/Jordi/Documents/Unreal Projects/PodRacers/Saved/Collections/' took 0.01s
[2019.02.07-16.46.08:860][  0]LogFileCache: Scanning file cache for directory 'C:/Users/Jordi/Documents/Unreal Projects/PodRacers/Content/Developers/Jordi/Collections/' took 0.00s
[2019.02.07-16.46.08:861][  0]LogFileCache: Scanning file cache for directory 'C:/Users/Jordi/Documents/Unreal Projects/PodRacers/Content/Collections/' took 0.01s
[2019.02.07-16.46.08:861][  0]LogCollectionManager: Rebuilt the GUID cache for 0 collections in 0.000000 seconds
[2019.02.07-16.46.08:875][  0]LogContentBrowser: Native class hierarchy populated in 0.0126 seconds. Added 2651 classes and 620 folders.
[2019.02.07-16.46.08:893][  0]LogContentBrowser: Native class hierarchy updated for 'WidgetCarousel' in 0.0003 seconds. Added 0 classes and 0 folders.
[2019.02.07-16.46.08:907][  0]LogPakFile: Registered encryption key '00000000000000000000000000000000': 0 pak files mounted, 0 remain pending
[2019.02.07-16.46.08:921][  0]LogPakFile: Registered encryption key '00000000000000000000000000000000': 0 pak files mounted, 0 remain pending
[2019.02.07-16.46.08:947][  0]LogPakFile: Registered encryption key '00000000000000000000000000000000': 0 pak files mounted, 0 remain pending
[2019.02.07-16.46.08:955][  0]LogPakFile: Registered encryption key '00000000000000000000000000000000': 0 pak files mounted, 0 remain pending
[2019.02.07-16.46.08:961][  0]LogPakFile: Registered encryption key '00000000000000000000000000000000': 0 pak files mounted, 0 remain pending
[2019.02.07-16.46.08:967][  0]LogPakFile: Registered encryption key '00000000000000000000000000000000': 0 pak files mounted, 0 remain pending
[2019.02.07-16.46.08:975][  0]LogPakFile: Registered encryption key '00000000000000000000000000000000': 0 pak files mounted, 0 remain pending
[2019.02.07-16.46.08:981][  0]LogPakFile: Registered encryption key '00000000000000000000000000000000': 0 pak files mounted, 0 remain pending
[2019.02.07-16.46.08:987][  0]LogPakFile: Registered encryption key '00000000000000000000000000000000': 0 pak files mounted, 0 remain pending
[2019.02.07-16.46.08:993][  0]LogPakFile: Registered encryption key '00000000000000000000000000000000': 0 pak files mounted, 0 remain pending
[2019.02.07-16.46.08:998][  0]LogPakFile: Registered encryption key '00000000000000000000000000000000': 0 pak files mounted, 0 remain pending
[2019.02.07-16.46.09:011][  0]LogPakFile: Registered encryption key '00000000000000000000000000000000': 0 pak files mounted, 0 remain pending
[2019.02.07-16.46.09:018][  0]LogPakFile: Registered encryption key '00000000000000000000000000000000': 0 pak files mounted, 0 remain pending
[2019.02.07-16.46.09:024][  0]LogPakFile: Registered encryption key '00000000000000000000000000000000': 0 pak files mounted, 0 remain pending
[2019.02.07-16.46.09:029][  0]LogPakFile: Registered encryption key '00000000000000000000000000000000': 0 pak files mounted, 0 remain pending
[2019.02.07-16.46.09:034][  0]LogPakFile: Registered encryption key '00000000000000000000000000000000': 0 pak files mounted, 0 remain pending
[2019.02.07-16.46.09:075][  0]LogPakFile: Registered encryption key '00000000000000000000000000000000': 0 pak files mounted, 0 remain pending
[2019.02.07-16.46.09:081][  0]LogPakFile: Registered encryption key '00000000000000000000000000000000': 0 pak files mounted, 0 remain pending
[2019.02.07-16.46.09:086][  0]LogPakFile: Registered encryption key '00000000000000000000000000000000': 0 pak files mounted, 0 remain pending
[2019.02.07-16.46.09:091][  0]LogPakFile: Registered encryption key '00000000000000000000000000000000': 0 pak files mounted, 0 remain pending
[2019.02.07-16.46.09:140][  0]LogPakFile: Registered encryption key '00000000000000000000000000000000': 0 pak files mounted, 0 remain pending
[2019.02.07-16.46.09:146][  0]LogPakFile: Registered encryption key '00000000000000000000000000000000': 0 pak files mounted, 0 remain pending
[2019.02.07-16.46.09:154][  0]LogPakFile: Registered encryption key '00000000000000000000000000000000': 0 pak files mounted, 0 remain pending
[2019.02.07-16.46.09:161][  0]LogPakFile: Registered encryption key '00000000000000000000000000000000': 0 pak files mounted, 0 remain pending
[2019.02.07-16.46.09:167][  0]LogPakFile: Registered encryption key '00000000000000000000000000000000': 0 pak files mounted, 0 remain pending
[2019.02.07-16.46.09:174][  0]LogPakFile: Registered encryption key '00000000000000000000000000000000': 0 pak files mounted, 0 remain pending
[2019.02.07-16.46.09:413][  0]LogContentBrowser: Native class hierarchy updated for 'AddContentDialog' in 0.0003 seconds. Added 0 classes and 0 folders.
[2019.02.07-16.46.09:443][  0]LogContentBrowser: Native class hierarchy updated for 'SceneOutliner' in 0.0004 seconds. Added 1 classes and 2 folders.
[2019.02.07-16.46.11:948][  0]LogSlate: Only BGRA pngs, bmps or icos are supported in by External Image Picker
[2019.02.07-16.46.12:017][  0]LogSlate: Took 0.000282 seconds to synchronously load lazily loaded font '../../../Engine/Content/Slate/Fonts/Roboto-Regular.ttf' (155K)
[2019.02.07-16.46.12:024][  0]LogSlate: Took 0.000480 seconds to synchronously load lazily loaded font '../../../Engine/Content/Slate/Fonts/Roboto-Bold.ttf' (160K)
[2019.02.07-16.46.12:053][  0]LogSlate: Took 0.008140 seconds to synchronously load lazily loaded font '../../../Engine/Content/Editor/Slate/Fonts/FontAwesome.ttf' (139K)
[2019.02.07-16.46.12:230][  0]LogTemp: Executing iPhonePackager certificates Engine -bundlename com.YourCompany.PodRacers
[2019.02.07-16.46.12:230][  0]LogTemp: CWD: C:\Program Files\Epic Games\UE_4.21\Engine\Binaries\DotNET\IOS
[2019.02.07-16.46.12:230][  0]LogTemp: Initial Dir: C:\Program Files\Epic Games\UE_4.21
[2019.02.07-16.46.12:230][  0]LogTemp: Env CWD: C:\Program Files\Epic Games\UE_4.21\Engine\Binaries\DotNET\IOS
[2019.02.07-16.46.12:230][  0]LogTemp: BranchPath = DESKTOP-44G0LU4/C/Program Files/Epic Games/UE_4.21/Engine/Binaries --- GameBranchPath = DESKTOP-44G0LU4/C/Program Files/Epic Games/UE_4.21/Engine/Binaries
[2019.02.07-16.46.12:230][  0]LogTemp: IPP ERROR: Could not find provision directory 'C:\Users\Jordi\AppData\Local/Apple Computer/MobileDevice/Provisioning Profiles/'.
[2019.02.07-16.46.12:230][  0]LogRenderer: Reallocating scene render targets to support 1188x636 Format 10 NumSamples 1 (Frame:1).
[2019.02.07-16.46.12:516][  0]LogContentBrowser: Native class hierarchy updated for 'HierarchicalLODOutliner' in 0.0004 seconds. Added 0 classes and 0 folders.
[2019.02.07-16.46.12:516][  0]LogLoad: (Engine Initialization) Total time: 15.17 seconds
[2019.02.07-16.46.12:516][  0]LogLoad: (Engine Initialization) Total Blueprint compile time: 0.00 seconds
[2019.02.07-16.46.12:527][  0]LogWindowsTextInputMethodSystem: Display: IME system now deactivated.
[2019.02.07-16.46.12:620][  0]LogContentStreaming: Texture pool size now 1000 MB
[2019.02.07-16.46.12:657][  1]LogFileCache: Retrieving MD5 hashes for directory 'C:/Users/Jordi/Documents/Unreal Projects/PodRacers/Content/' took 0.11s
[2019.02.07-16.46.12:693][  1]LogAssetRegistry: Asset discovery search completed in 10.1587 seconds
[2019.02.07-16.46.12:695][  1]LogCollectionManager: Rebuilt the object cache for 0 collections in 0.000000 seconds (found 0 objects)
[2019.02.07-16.46.12:695][  1]LogCollectionManager: Fixed up redirectors for 0 collections in 0.000052 seconds (updated 0 objects)
[2019.02.07-16.46.16:657][409]LogSlate: Took 0.005436 seconds to synchronously load lazily loaded font '../../../Engine/Content/Slate/Fonts/Roboto-Light.ttf' (167K)
[2019.02.07-16.46.27:176][648]LogSlate: FSceneViewport::OnFocusLost() reason 0
[2019.02.07-16.46.28:024][721]LogTexture: Display: Building textures: hud_velocimeter (BGRA8, 401X261)
[2019.02.07-16.46.28:025][721]LogTexture: Display: Building textures: hud_motor (BGRA8, 124X211)
[2019.02.07-16.46.28:025][721]LogTexture: Display: Building textures: hud_separator (BGRA8, 1801X141)
[2019.02.07-16.46.28:025][721]LogTexture: Display: Building textures: hud_gradient (BGRA8, 1921X141)
[2019.02.07-16.46.28:038][721]LogAssetEditorManager: Opening Asset editor for Blueprint /Game/Blueprints/POD_BASE.POD_BASE
[2019.02.07-16.46.28:536][721]LogContentBrowser: Native class hierarchy updated for 'BlueprintGraph' in 0.0006 seconds. Added 117 classes and 0 folders.
[2019.02.07-16.46.29:435][721]PIE: Warning: Constraint in '/Engine/Transient.World_2:PersistentLevel.POD_BASE_C_0.FrontRightCon' attempting to create a joint between objects that are both static.  No joint created.
[2019.02.07-16.46.29:435][721]PIE: Warning: Constraint in '/Engine/Transient.World_2:PersistentLevel.POD_BASE_C_0.FrontLeftCon' attempting to create a joint between objects that are both static.  No joint created.
[2019.02.07-16.46.29:435][721]PIE: Warning: Constraint in '/Engine/Transient.World_2:PersistentLevel.POD_BASE_C_0.BackLeftCon' attempting to create a joint between objects that are both static.  No joint created.
[2019.02.07-16.46.29:435][721]PIE: Warning: Constraint in '/Engine/Transient.World_2:PersistentLevel.POD_BASE_C_0.BackRightCon' attempting to create a joint between objects that are both static.  No joint created.
[2019.02.07-16.46.29:456][721]LogSlate: Took 0.006798 seconds to synchronously load lazily loaded font '../../../Engine/Content/Slate/Fonts/Roboto-BoldCondensed.ttf' (158K)
[2019.02.07-16.46.29:666][722]PIE: Warning: Constraint in '/Engine/Transient.World_3:PersistentLevel.BasePodHUD_C_0.FrontRightCon' attempting to create a joint between objects that are both static.  No joint created.
[2019.02.07-16.46.29:666][722]PIE: Warning: Constraint in '/Engine/Transient.World_3:PersistentLevel.BasePodHUD_C_0.FrontLeftCon' attempting to create a joint between objects that are both static.  No joint created.
[2019.02.07-16.46.29:666][722]PIE: Warning: Constraint in '/Engine/Transient.World_3:PersistentLevel.BasePodHUD_C_0.BackLeftCon' attempting to create a joint between objects that are both static.  No joint created.
[2019.02.07-16.46.29:666][722]PIE: Warning: Constraint in '/Engine/Transient.World_3:PersistentLevel.BasePodHUD_C_0.BackRightCon' attempting to create a joint between objects that are both static.  No joint created.
[2019.02.07-16.46.31:333][847]LogSlate: Took 0.004704 seconds to synchronously load lazily loaded font '../../../Engine/Content/Slate/Fonts/Roboto-Italic.ttf' (157K)
[2019.02.07-16.46.31:392][853]LogSlate: Window 'POD_BASE' being destroyed
[2019.02.07-16.47.06:275][729]BlueprintLog: New page: Compile POD_BASE
[2019.02.07-16.47.06:529][729]PIE: Warning: Constraint in '/Engine/Transient.World_2:PersistentLevel.POD_BASE_C_1.FrontRightCon' attempting to create a joint between objects that are both static.  No joint created.
[2019.02.07-16.47.06:529][729]PIE: Warning: Constraint in '/Engine/Transient.World_2:PersistentLevel.POD_BASE_C_1.FrontLeftCon' attempting to create a joint between objects that are both static.  No joint created.
[2019.02.07-16.47.06:529][729]PIE: Warning: Constraint in '/Engine/Transient.World_2:PersistentLevel.POD_BASE_C_1.BackLeftCon' attempting to create a joint between objects that are both static.  No joint created.
[2019.02.07-16.47.06:529][729]PIE: Warning: Constraint in '/Engine/Transient.World_2:PersistentLevel.POD_BASE_C_1.BackRightCon' attempting to create a joint between objects that are both static.  No joint created.
[2019.02.07-16.47.07:181][794]Cmd: OBJ SAVEPACKAGE PACKAGE="/Game/Blueprints/POD_BASE" FILE="../../../../../../Users/Jordi/Documents/Unreal Projects/PodRacers/Content/Blueprints/POD_BASE.uasset" SILENT=true
[2019.02.07-16.47.07:316][794]LogSavePackage: Moving '../../../../../../Users/Jordi/Documents/Unreal Projects/PodRacers/Saved/POD_BASE8BEF79CA434CEB72714E3CA6AD92EBB4.tmp' to '../../../../../../Users/Jordi/Documents/Unreal Projects/PodRacers/Content/Blueprints/POD_BASE.uasset'
[2019.02.07-16.47.20:800][308]LogLinker: Warning: Can't find file '/Game/Scenes/Levels/BigRaceLap_BuiltData'
[2019.02.07-16.47.20:800][308]LogLinker: Warning: Can't find file for asset '/Game/Scenes/Levels/BigRaceLap_BuiltData' while loading ../../../../../../Users/Jordi/Documents/Unreal Projects/PodRacers/Content/Scenes/Levels/BigRaceLap.umap.
[2019.02.07-16.47.20:800][308]LoadErrors: Error: /Game/Scenes/Levels/BigRaceLap : Can't find file for asset. /Game/Scenes/Levels/BigRaceLap_BuiltData
[2019.02.07-16.47.20:811][308]LogLinker: Warning: Can't find file '/Game/Scenes/Levels/BigRaceLap_BuiltData'
[2019.02.07-16.47.20:812][308]LogLinker: Warning: Can't find file for asset '/Game/Scenes/Levels/BigRaceLap_BuiltData' while loading ../../../../../../Users/Jordi/Documents/Unreal Projects/PodRacers/Content/Scenes/Levels/BigRaceLap.umap.
[2019.02.07-16.47.20:814][308]LogLinker: Warning: Can't find file '/Game/Scenes/Levels/BigRaceLap_BuiltData'
[2019.02.07-16.47.20:814][308]LogLinker: Warning: Can't find file for asset '/Game/Scenes/Levels/BigRaceLap_BuiltData' while loading NULL.
[2019.02.07-16.47.20:814][308]LogLinker: Warning: Can't find file '/Game/Scenes/Levels/BigRaceLap_BuiltData'
[2019.02.07-16.47.20:814][308]LogLinker: Warning: Can't find file for asset '/Game/Scenes/Levels/BigRaceLap_BuiltData' while loading NULL.
[2019.02.07-16.47.21:064][308]LogLinker: Warning: Can't find file '/Game/Scenes/Levels/BigRaceLap_BuiltData'
[2019.02.07-16.47.21:064][308]LoadErrors: Failed to load /Game/Scenes/Levels/BigRaceLap_BuiltData.BigRaceLap_BuiltData Referenced by PersistentLevel
[2019.02.07-16.47.21:064][308]LogLinker: Warning: Can't find file for asset '/Game/Scenes/Levels/BigRaceLap_BuiltData' while loading NULL.
[2019.02.07-16.47.21:543][308]LogAIModule: Creating AISystem for world BigRaceLap
[2019.02.07-16.47.21:651][308]LogAssetEditorManager: Opening Asset editor for World /Game/Scenes/Levels/BigRaceLap.BigRaceLap
[2019.02.07-16.47.21:683][308]Cmd: MAP LOAD FILE="../../../../../../Users/Jordi/Documents/Unreal Projects/PodRacers/Content/Scenes/Levels/BigRaceLap.umap" TEMPLATE=0 SHOWPROGRESS=1 FEATURELEVEL=3
[2019.02.07-16.47.21:683][308]LightingResults: New page: Lighting Build
[2019.02.07-16.47.21:685][308]LoadErrors: New page: Loading map: BigRaceLap.umap
[2019.02.07-16.47.21:688][308]MapCheck: New page: Map Check
[2019.02.07-16.47.21:688][308]LightingResults: New page: Lighting Build
[2019.02.07-16.47.38:753][308]LogEditorServer: Finished looking for orphan Actors (0.000 secs)
[2019.02.07-16.47.38:829][308]Cmd: MAP CHECKDEP NOCLEARLOG
[2019.02.07-16.47.38:829][308]MapCheck: Map check complete: 0 Error(s), 0 Warning(s), took 0.414ms to complete.
[2019.02.07-16.47.38:830][308]LogFileHelpers: Loading map 'BigRaceLap' took 17.148
[2019.02.07-16.47.40:294][313]LogEditorViewport: Clicking on Actor (LMB): Landscape (Landscape)
[2019.02.07-16.47.40:927][337]LogSlate: FSceneViewport::OnFocusLost() reason 0
[2019.02.07-16.47.41:017][342]LogTemp: Repeating last play command: New Editor Window (PIE)
[2019.02.07-16.47.41:073][342]LogBlueprintUserMessages: Early PlayInEditor Detection: Level '/Game/Scenes/Levels/BigRaceLap.BigRaceLap:PersistentLevel' has LevelScriptBlueprint '/Game/Scenes/Levels/BigRaceLap.BigRaceLap:PersistentLevel.BigRaceLap' with GeneratedClass '/Game/Scenes/Levels/BigRaceLap.BigRaceLap_C' with ClassGeneratedBy '/Game/Scenes/Levels/BigRaceLap.BigRaceLap:PersistentLevel.BigRaceLap'
[2019.02.07-16.47.41:074][342]LogPlayLevel: PlayLevel: No blueprints needed recompiling
[2019.02.07-16.47.41:076][342]PIE: New page: PIE session: BigRaceLap (Feb 7, 2019, 6:47:41 PM)
[2019.02.07-16.47.41:093][342]LogPlayLevel: Creating play world package: /Game/Scenes/Levels/UEDPIE_0_BigRaceLap
[2019.02.07-16.47.42:200][342]LogPlayLevel: PIE: StaticDuplicateObject took: (1.106514s)
[2019.02.07-16.47.42:201][342]LogAIModule: Creating AISystem for world BigRaceLap
[2019.02.07-16.47.42:201][342]LogPlayLevel: PIE: World Init took: (0.001118s)
[2019.02.07-16.47.42:201][342]LogPlayLevel: PIE: Created PIE world by copying editor world from /Game/Scenes/Levels/BigRaceLap.BigRaceLap to /Game/Scenes/Levels/UEDPIE_0_BigRaceLap.BigRaceLap (1.109069s)
[2019.02.07-16.47.42:252][342]LogInit: XAudio2 using 'Altavoces (Realtek High Definition Audio)' : 2 channels at 48 kHz using 32 bits per sample (channel mask 0x3)
[2019.02.07-16.47.42:270][342]LogInit: FAudioDevice initialized.
[2019.02.07-16.47.42:277][342]LogSlate: Updating window title bar state: overlay mode, drag disabled, window buttons hidden, title bar hidden
[2019.02.07-16.47.42:342][342]LogLoad: Game class is 'ThirdPersonGameMode_C'
[2019.02.07-16.47.42:376][342]LogWorld: Bringing World /Game/Scenes/Levels/UEDPIE_0_BigRaceLap.BigRaceLap up for play (max tick rate 0) at 2019.02.07-17.47.42
[2019.02.07-16.47.42:378][342]LogWorld: Bringing up level for play took: 0.031116
[2019.02.07-16.47.42:412][342]LogContentBrowser: Native class hierarchy updated for 'MovieSceneCapture' in 0.0003 seconds. Added 20 classes and 0 folders.
[2019.02.07-16.47.42:417][342]PIE: Play in editor start time for /Game/Scenes/Levels/UEDPIE_0_BigRaceLap 2.252
[2019.02.07-16.47.42:418][342]LogBlueprintUserMessages: Late PlayInEditor Detection: Level '/Game/Scenes/Levels/BigRaceLap.BigRaceLap:PersistentLevel' has LevelScriptBlueprint '/Game/Scenes/Levels/BigRaceLap.BigRaceLap:PersistentLevel.BigRaceLap' with GeneratedClass '/Game/Scenes/Levels/BigRaceLap.BigRaceLap_C' with ClassGeneratedBy '/Game/Scenes/Levels/BigRaceLap.BigRaceLap:PersistentLevel.BigRaceLap'
[2019.02.07-16.47.42:468][342]LogRenderer: Reallocating scene render targets to support 1292x756 Format 10 NumSamples 1 (Frame:1).
[2019.02.07-16.47.55:131][669]LogBlueprintUserMessages: Early EndPlayMap Detection: Level '/Game/Scenes/Levels/BigRaceLap.BigRaceLap:PersistentLevel' has LevelScriptBlueprint '/Game/Scenes/Levels/BigRaceLap.BigRaceLap:PersistentLevel.BigRaceLap' with GeneratedClass '/Game/Scenes/Levels/BigRaceLap.BigRaceLap_C' with ClassGeneratedBy '/Game/Scenes/Levels/BigRaceLap.BigRaceLap:PersistentLevel.BigRaceLap'
[2019.02.07-16.47.55:132][669]LogSlate: Updating window title bar state: overlay mode, drag disabled, window buttons hidden, title bar hidden
[2019.02.07-16.47.55:156][669]LogSlate: Window 'PodRacers Game Preview Standalone (64-bit/PCD3D_SM5)' being destroyed
[2019.02.07-16.47.55:203][669]LogPlayLevel: Display: Shutting down PIE online subsystems
[2019.02.07-16.47.55:204][669]LogBlueprintUserMessages: Late EndPlayMap Detection: Level '/Game/Scenes/Levels/BigRaceLap.BigRaceLap:PersistentLevel' has LevelScriptBlueprint '/Game/Scenes/Levels/BigRaceLap.BigRaceLap:PersistentLevel.BigRaceLap' with GeneratedClass '/Game/Scenes/Levels/BigRaceLap.BigRaceLap_C' with ClassGeneratedBy '/Game/Scenes/Levels/BigRaceLap.BigRaceLap:PersistentLevel.BigRaceLap'
[2019.02.07-16.47.55:275][670]LogPlayLevel: Display: Destroying online subsystem :Context_5
[2019.02.07-16.48.02:547][317]LogEditorActor: Deleted Actor: Pod_v2_C
[2019.02.07-16.48.02:582][317]LogEditorActor: Deleted 1 Actors (0.111 secs)
[2019.02.07-16.48.05:702][648]PIE: Warning: Constraint in '/Engine/Transient.World_4:PersistentLevel.Pod_v2_C_0.FrontRightCon' attempting to create a joint between objects that are both static.  No joint created.
[2019.02.07-16.48.05:702][648]PIE: Warning: Constraint in '/Engine/Transient.World_4:PersistentLevel.Pod_v2_C_0.FrontLeftCon' attempting to create a joint between objects that are both static.  No joint created.
[2019.02.07-16.48.05:702][648]PIE: Warning: Constraint in '/Engine/Transient.World_4:PersistentLevel.Pod_v2_C_0.BackLeftCon' attempting to create a joint between objects that are both static.  No joint created.
[2019.02.07-16.48.05:702][648]PIE: Warning: Constraint in '/Engine/Transient.World_4:PersistentLevel.Pod_v2_C_0.BackRightCon' attempting to create a joint between objects that are both static.  No joint created.
[2019.02.07-16.48.08:746][851]LogSlate: FSceneViewport::OnFocusLost() reason 2
[2019.02.07-16.48.10:182][991]LogSlate: FSceneViewport::OnFocusLost() reason 0
[2019.02.07-16.48.10:271][  1]LogTemp: Repeating last play command: New Editor Window (PIE)
[2019.02.07-16.48.10:293][  1]LogBlueprintUserMessages: Early PlayInEditor Detection: Level '/Game/Scenes/Levels/BigRaceLap.BigRaceLap:PersistentLevel' has LevelScriptBlueprint '/Game/Scenes/Levels/BigRaceLap.BigRaceLap:PersistentLevel.BigRaceLap' with GeneratedClass '/Game/Scenes/Levels/BigRaceLap.BigRaceLap_C' with ClassGeneratedBy '/Game/Scenes/Levels/BigRaceLap.BigRaceLap:PersistentLevel.BigRaceLap'
[2019.02.07-16.48.10:293][  1]LogPlayLevel: PlayLevel: No blueprints needed recompiling
[2019.02.07-16.48.10:293][  1]PIE: New page: PIE session: BigRaceLap (Feb 7, 2019, 6:48:10 PM)
[2019.02.07-16.48.10:293][  1]LogPlayLevel: Creating play world package: /Game/Scenes/Levels/UEDPIE_0_BigRaceLap
[2019.02.07-16.48.10:498][  1]LogPlayLevel: PIE: StaticDuplicateObject took: (0.204752s)
[2019.02.07-16.48.10:499][  1]LogAIModule: Creating AISystem for world BigRaceLap
[2019.02.07-16.48.10:499][  1]LogPlayLevel: PIE: World Init took: (0.000828s)
[2019.02.07-16.48.10:499][  1]LogPlayLevel: PIE: Created PIE world by copying editor world from /Game/Scenes/Levels/BigRaceLap.BigRaceLap to /Game/Scenes/Levels/UEDPIE_0_BigRaceLap.BigRaceLap (0.205800s)
[2019.02.07-16.48.10:599][  1]LogInit: XAudio2 using 'Altavoces (Realtek High Definition Audio)' : 2 channels at 48 kHz using 32 bits per sample (channel mask 0x3)
[2019.02.07-16.48.10:616][  1]LogInit: FAudioDevice initialized.
[2019.02.07-16.48.10:622][  1]LogSlate: Updating window title bar state: overlay mode, drag disabled, window buttons hidden, title bar hidden
[2019.02.07-16.48.10:657][  1]LogLoad: Game class is 'ThirdPersonGameMode_C'
[2019.02.07-16.48.10:683][  1]LogWorld: Bringing World /Game/Scenes/Levels/UEDPIE_0_BigRaceLap.BigRaceLap up for play (max tick rate 0) at 2019.02.07-17.48.10
[2019.02.07-16.48.10:683][  1]LogWorld: Bringing up level for play took: 0.025862
[2019.02.07-16.48.10:707][  1]PIE: Play in editor start time for /Game/Scenes/Levels/UEDPIE_0_BigRaceLap 0.542
[2019.02.07-16.48.10:708][  1]LogBlueprintUserMessages: Late PlayInEditor Detection: Level '/Game/Scenes/Levels/BigRaceLap.BigRaceLap:PersistentLevel' has LevelScriptBlueprint '/Game/Scenes/Levels/BigRaceLap.BigRaceLap:PersistentLevel.BigRaceLap' with GeneratedClass '/Game/Scenes/Levels/BigRaceLap.BigRaceLap_C' with ClassGeneratedBy '/Game/Scenes/Levels/BigRaceLap.BigRaceLap:PersistentLevel.BigRaceLap'
[2019.02.07-16.48.42:142][569]LogBlueprintUserMessages: Early EndPlayMap Detection: Level '/Game/Scenes/Levels/BigRaceLap.BigRaceLap:PersistentLevel' has LevelScriptBlueprint '/Game/Scenes/Levels/BigRaceLap.BigRaceLap:PersistentLevel.BigRaceLap' with GeneratedClass '/Game/Scenes/Levels/BigRaceLap.BigRaceLap_C' with ClassGeneratedBy '/Game/Scenes/Levels/BigRaceLap.BigRaceLap:PersistentLevel.BigRaceLap'
[2019.02.07-16.48.42:143][569]LogSlate: Updating window title bar state: overlay mode, drag disabled, window buttons hidden, title bar hidden
[2019.02.07-16.48.42:163][569]LogSlate: Window 'PodRacers Game Preview Standalone (64-bit/PCD3D_SM5)' being destroyed
[2019.02.07-16.48.42:225][569]LogPlayLevel: Display: Shutting down PIE online subsystems
[2019.02.07-16.48.42:226][569]LogBlueprintUserMessages: Late EndPlayMap Detection: Level '/Game/Scenes/Levels/BigRaceLap.BigRaceLap:PersistentLevel' has LevelScriptBlueprint '/Game/Scenes/Levels/BigRaceLap.BigRaceLap:PersistentLevel.BigRaceLap' with GeneratedClass '/Game/Scenes/Levels/BigRaceLap.BigRaceLap_C' with ClassGeneratedBy '/Game/Scenes/Levels/BigRaceLap.BigRaceLap:PersistentLevel.BigRaceLap'
[2019.02.07-16.48.42:284][570]LogPlayLevel: Display: Destroying online subsystem :Context_7
[2019.02.07-16.48.44:672][853]LogSlate: FSceneViewport::OnFocusLost() reason 0
[2019.02.07-16.48.50:219][512]BlueprintLog: New page: Compile POD_BASE
[2019.02.07-16.48.50:483][512]PIE: Warning: Constraint in '/Engine/Transient.World_2:PersistentLevel.POD_BASE_C_2.FrontRightCon' attempting to create a joint between objects that are both static.  No joint created.
[2019.02.07-16.48.50:483][512]PIE: Warning: Constraint in '/Engine/Transient.World_2:PersistentLevel.POD_BASE_C_2.FrontLeftCon' attempting to create a joint between objects that are both static.  No joint created.
[2019.02.07-16.48.50:483][512]PIE: Warning: Constraint in '/Engine/Transient.World_2:PersistentLevel.POD_BASE_C_2.BackLeftCon' attempting to create a joint between objects that are both static.  No joint created.
[2019.02.07-16.48.50:483][512]PIE: Warning: Constraint in '/Engine/Transient.World_2:PersistentLevel.POD_BASE_C_2.BackRightCon' attempting to create a joint between objects that are both static.  No joint created.
[2019.02.07-16.50.18:653][212]LogFactory: FactoryCreateFile: StaticMesh with FbxFactory (0 0 ../../../../../../Users/Jordi/Desktop/Turbosierto_low_v01.obj)
[2019.02.07-16.50.18:678][212]LogFbx: Loading FBX Scene from ../../../../../../Users/Jordi/Desktop/Turbosierto_low_v01.obj
[2019.02.07-16.50.18:691][212]LogFbx: FBX Scene Loaded Succesfully
[2019.02.07-16.50.21:948][212]LogSlate: Window 'FBX Import Options' being destroyed
[2019.02.07-16.50.22:199][212]LogMaterial: Display: Missing cached shader map for material defaultMat, compiling. 
[2019.02.07-16.50.22:250][212]LogFbx: Warning: Triangulating static mesh default
[2019.02.07-16.50.22:424][212]LogShaderCompilers: Display: Shaders left to compile 22
[2019.02.07-16.50.22:424][212]LogShaderCompilers: Display: Shaders left to compile 12
[2019.02.07-16.50.22:424][212]LogShaderCompilers: Display: Shaders left to compile 2
[2019.02.07-16.50.22:433][212]LogStaticMesh: Building static mesh Turbosierto_low_v01...
[2019.02.07-16.50.22:477][212]LogStaticMesh: Built static mesh [0.05s] /Game/Geometry/Pods/Turbosierto_low_v01.Turbosierto_low_v01
[2019.02.07-16.50.22:482][212]LogStaticMesh: Warning: Turbosierto_low_v01 has some nearly zero normals which can create some issues. (Tolerance of 1E-4)
[2019.02.07-16.50.22:482][212]LogStaticMesh: Warning: Turbosierto_low_v01 has some nearly zero bi-normals which can create some issues. (Tolerance of 1E-4)
[2019.02.07-16.50.22:509][212]FBXImport: Warning: No smoothing group information was found in this FBX scene.  Please make sure to enable the 'Export Smoothing Groups' option in the FBX Exporter plug-in before exporting the file.  Even for tools that don't support smoothing groups, the FBX Exporter will generate appropriate smoothing data at export-time so that correct vertex normals can be inferred while importing. 
[2019.02.07-16.50.22:509][212]FBXImport: Warning: Turbosierto_low_v01 has some nearly zero normals which can create some issues. (Tolerance of 1E-4) 
[2019.02.07-16.50.22:509][212]FBXImport: Warning: Turbosierto_low_v01 has some nearly zero bi-normals which can create some issues. (Tolerance of 1E-4) 
[2019.02.07-16.50.29:112][884]LogAssetEditorManager: Opening Asset editor for StaticMesh /Game/Geometry/Pods/Turbosierto_low_v01.Turbosierto_low_v01
[2019.02.07-16.50.29:747][885]LogRenderer: Reallocating scene render targets to support 1432x932 Format 10 NumSamples 1 (Frame:1).
[2019.02.07-16.50.53:251][876]LogSlate: FSceneViewport::OnFocusLost() reason 2
[2019.02.07-16.50.59:454][541]LogSlate: FSceneViewport::OnFocusLost() reason 2
[2019.02.07-16.51.02:379][862]LogSlate: FSceneViewport::OnFocusLost() reason 0
[2019.02.07-16.51.18:192][615]LogSlate: FSceneViewport::OnFocusLost() reason 2
[2019.02.07-16.51.26:571][557]LogSlate: FSceneViewport::OnFocusLost() reason 2
[2019.02.07-16.51.29:389][879]LogSlate: FSceneViewport::OnFocusLost() reason 2
[2019.02.07-16.51.32:652][246]LogSlate: FSceneViewport::OnFocusLost() reason 2
[2019.02.07-16.51.36:414][678]LogSlate: FSceneViewport::OnFocusLost() reason 2
[2019.02.07-16.51.41:501][237]LogSlate: FSceneViewport::OnFocusLost() reason 2
[2019.02.07-16.51.57:914][  2]LogSlate: FSceneViewport::OnFocusLost() reason 2
[2019.02.07-16.52.13:221][696]LogSlate: FSceneViewport::OnFocusLost() reason 0
[2019.02.07-16.53.20:447][ 48]LogSlate: FSceneViewport::OnFocusLost() reason 0
[2019.02.07-16.53.27:639][482]LogSavePackage: Moving '../../../../../../Users/Jordi/Documents/Unreal Projects/PodRacers/Saved/BigRaceLapCF68629640FFB8893B4D7DBE7E9EB7C3.tmp' to '../../../../../../Users/Jordi/Documents/Unreal Projects/PodRacers/Content/Scenes/Levels/BigRaceLap.umap'
[2019.02.07-16.53.27:707][482]LogFileHelpers: Saving map 'BigRaceLap' took 2.803
[2019.02.07-16.53.27:732][482]Cmd: OBJ SAVEPACKAGE PACKAGE="/Game/Geometry/Pods/Turbosierto_low_v01" FILE="../../../../../../Users/Jordi/Documents/Unreal Projects/PodRacers/Content/Geometry/Pods/Turbosierto_low_v01.uasset" SILENT=true
[2019.02.07-16.53.27:757][482]LogSavePackage: Moving '../../../../../../Users/Jordi/Documents/Unreal Projects/PodRacers/Saved/Turbosierto_low_v012AC718154CD4E5F19611249396F9CEE0.tmp' to '../../../../../../Users/Jordi/Documents/Unreal Projects/PodRacers/Content/Geometry/Pods/Turbosierto_low_v01.uasset'
[2019.02.07-16.53.27:787][482]Cmd: OBJ SAVEPACKAGE PACKAGE="/Game/Blueprints/POD_BASE" FILE="../../../../../../Users/Jordi/Documents/Unreal Projects/PodRacers/Content/Blueprints/POD_BASE.uasset" SILENT=true
[2019.02.07-16.53.27:899][482]LogSavePackage: Moving '../../../../../../Users/Jordi/Documents/Unreal Projects/PodRacers/Saved/POD_BASEDB52DB8343C98CEDC63ACE9C5C428522.tmp' to '../../../../../../Users/Jordi/Documents/Unreal Projects/PodRacers/Content/Blueprints/POD_BASE.uasset'
[2019.02.07-16.53.27:932][482]Cmd: OBJ SAVEPACKAGE PACKAGE="/Game/Geometry/Pods/defaultMat" FILE="../../../../../../Users/Jordi/Documents/Unreal Projects/PodRacers/Content/Geometry/Pods/defaultMat.uasset" SILENT=true
[2019.02.07-16.53.27:951][482]LogSavePackage: Moving '../../../../../../Users/Jordi/Documents/Unreal Projects/PodRacers/Saved/defaultMat57B71A3041820469495A44A0EAB89946.tmp' to '../../../../../../Users/Jordi/Documents/Unreal Projects/PodRacers/Content/Geometry/Pods/defaultMat.uasset'
[2019.02.07-16.53.35:681][958]LogSlate: Took 0.000170 seconds to synchronously load lazily loaded font '../../../Engine/Content/Slate/Fonts/Roboto-Light.ttf' (167K)
[2019.02.07-16.53.40:055][958]LogSlate: Window 'Delete Assets' being destroyed
[2019.02.07-16.53.46:564][510]Cmd: OBJ SAVEPACKAGE PACKAGE="/Game/Materials/defaultMat" FILE="../../../../../../Users/Jordi/Documents/Unreal Projects/PodRacers/Content/Materials/defaultMat.uasset" SILENT=true
[2019.02.07-16.53.46:597][510]LogSavePackage: Moving '../../../../../../Users/Jordi/Documents/Unreal Projects/PodRacers/Saved/defaultMat24E9997541710A1B4EC263987F588FE6.tmp' to '../../../../../../Users/Jordi/Documents/Unreal Projects/PodRacers/Content/Materials/defaultMat.uasset'
[2019.02.07-16.53.46:898][510]Cmd: OBJ SAVEPACKAGE PACKAGE="/Game/Geometry/Pods/Turbosierto_low_v01" FILE="../../../../../../Users/Jordi/Documents/Unreal Projects/PodRacers/Content/Geometry/Pods/Turbosierto_low_v01.uasset" SILENT=true
[2019.02.07-16.53.46:924][510]LogSavePackage: Moving '../../../../../../Users/Jordi/Documents/Unreal Projects/PodRacers/Saved/Turbosierto_low_v010DA46E904E2F9E67A5BE688F197F2600.tmp' to '../../../../../../Users/Jordi/Documents/Unreal Projects/PodRacers/Content/Geometry/Pods/Turbosierto_low_v01.uasset'
